['校园新闻']
1  华南理工在中国高校影视作品推优及展映活动中再获佳绩  http://news.scut.edu.cn//2019/0715/c41a40264/page.htm 0.000000000000

2  华南理工大学校园网络通讯社受教育部思政司表彰  http://news.scut.edu.cn//2014/0504/c41a29091/page.htm 0.000000000000

3  华南理工获评教育部思政司优秀校园网络通讯站  http://news.scut.edu.cn//2014/0504/c41a27144/page.htm 0.000000000000

--------------------------------------
['计算机']
1  广东省大学生程序设计大赛华工学子载誉而归  http://news.scut.edu.cn//2014/0504/c41a27776/page.htm 0.000001394838

2  加拿大温哥华大专院校校友会来校交流  http://news.scut.edu.cn//2014/0504/c41a30433/page.htm 0.000001350395

3  计算机学院迎评促建抓落实  http://news.scut.edu.cn//2014/0504/c41a30528/page.htm 0.000001043487

4  把握新媒体方向弄潮广电科技前沿  http://news.scut.edu.cn//2014/0504/c41a30068/page.htm 0.000001020298

5  安利杯大学生计算机作品赛华工学子再传捷报  http://news.scut.edu.cn//2014/0504/c41a27660/page.htm 0.000000943426

6  华南理工学子荣获泛珠三角大学生计算机作品赛全国总决赛金奖  http://news.scut.edu.cn//2015/0714/c41a31343/page.htm 0.000000896746

7  华工学子亚洲区杭州赛区斩获银奖  http://news.scut.edu.cn//2014/0504/c41a28875/page.htm 0.000000887502

8  当人工智能遇上传统中医南安普顿大学来访洽谈跨学科研究合作  http://news.scut.edu.cn//2019/0402/c41a39618/page.htm 0.000000882950

9  校园文化节精彩纷呈  http://news.scut.edu.cn//2014/0504/c41a30310/page.htm 0.000000863962

10  喜迎评估计算机学子篮球场上活力四射  http://news.scut.edu.cn//2014/0504/c41a30404/page.htm 0.000000852881

--------------------------------------
['教学质量']
1  计算机学院召开年本科教学工作迎评动员会  http://news.scut.edu.cn//2014/0504/c41a30665/page.htm 0.000000000000

2  部署迎评工作学校本科教学审核评估推进会召开  http://news.scut.edu.cn//2017/0425/c41a33837/page.htm 0.000000000000

3  华南理工大学第一批学院分党校开课  http://news.scut.edu.cn//2014/0504/c41a29594/page.htm 0.000000000000

4  工商管理学院举行新一届学院发展战略咨询会  http://news.scut.edu.cn//2019/0508/c41a39838/page.htm 0.000000000000

5  不忘初心牢记使命推进课程思政建设华南理工大学这样行动  http://news.scut.edu.cn//2019/1210/c41a41437/page.htm 0.000000000000

6  工商管理学院第三届校友理事会成立  http://news.scut.edu.cn//2014/0504/c41a26953/page.htm 0.000000000000

7  旅游学院实施集体备课制度  http://news.scut.edu.cn//2014/0504/c41a30681/page.htm 0.000000000000

8  华工学子参加全国大学生电子商务挑战赛载誉归来  http://news.scut.edu.cn//2014/0504/c41a28008/page.htm 0.000000000000

9  经济与贸易学院积极开展本科优秀教学示范课活动  http://news.scut.edu.cn//2014/0504/c41a28577/page.htm 0.000000000000

10  广州学院独立学院教学工作评估圆满结束  http://news.scut.edu.cn//2014/0504/c41a27488/page.htm 0.000000000000

--------------------------------------
['创业']
1  微创业大讲堂走进华南理工  http://news.scut.edu.cn//2016/1031/c41a32029/page.htm 0.000218936612

2  深交所来校洽谈共建学生创业教育平台  http://news.scut.edu.cn//2014/1205/c41a30966/page.htm 0.000212858690

3  科技园天使投资基金孵化企业在中国创新创业大赛连获佳绩  http://news.scut.edu.cn//2015/1023/c41a31458/page.htm 0.000198370669

4  华南理工启动双创教学法教师培养班  http://news.scut.edu.cn//2016/1115/c41a32062/page.htm 0.000178416480

5  创新创业创青春华园筑梦赢未来  http://news.scut.edu.cn//2016/0329/c41a31712/page.htm 0.000171685972

6  学校为怀集县返乡创业提供全方位创业培训服务  http://news.scut.edu.cn//2017/0921/c41a34244/page.htm 0.000170750528

7  华南理工位居高校团学创业促进工作榜单前四强  http://news.scut.edu.cn//2017/0411/c41a33786/page.htm 0.000169675875

8  华南理工大学入选全国首批深化创新创业教育改革示范高校  http://news.scut.edu.cn//2017/0221/c41a32229/page.htm 0.000167749564

9  创业就业创业带动就业示范行动主题讲座助你选择  http://news.scut.edu.cn//2021/0602/c41a44080/page.htm 0.000164163635

10  长春工业大学来校调研就业创业工作  http://news.scut.edu.cn//2014/1205/c41a30951/page.htm 0.000161596071

--------------------------------------
['国际校区']
1  为校庆献礼广州国际校区中英文网站正式上线  http://news.scut.edu.cn//2018/1117/c41a38857/page.htm 0.000071960782

2  广东省国家保密局局长贾穗军一行来校调研座谈  http://news.scut.edu.cn//2020/1021/c41a42940/page.htm 0.000071352234

3  教育部国际司原巡视员来访赞誉中国最好的大学校区  http://news.scut.edu.cn//2019/1223/c41a41515/page.htm 0.000068349789

4  广州市发改委来访商讨国际校区建设  http://news.scut.edu.cn//2017/0429/c41a33843/page.htm 0.000065512016

5  哿ν心砥砺奋进学校召开广州国际校区专题研讨会  http://news.scut.edu.cn//2018/1211/c41a39075/page.htm 0.000060597479

6  央视等媒体继续关注华南理工大学综合评价招生与国际化人才培养  http://news.scut.edu.cn//2021/0525/c41a43987/page.htm 0.000060159727

7  章熙春书记调研广州国际校区二期项目前期筹备工作  http://news.scut.edu.cn//2020/0428/c41a42108/page.htm 0.000059523116

8  助力湾区建设支撑高质量发展市人大调研广州国际校区一期工程  http://news.scut.edu.cn//2019/0222/c41a39410/page.htm 0.000053692556

9  校领导带队赴海宁和苏州两地开展专题调研  http://news.scut.edu.cn//2018/0203/c41a36842/page.htm 0.000053359062

10  广州市住建委一行来访落实广州国际校区用房事宜  http://news.scut.edu.cn//2017/0808/c41a34134/page.htm 0.000053266425

--------------------------------------
['论坛']
1  华南理工师生参加全国公法学博士生论坛  http://news.scut.edu.cn//2014/1205/c41a30945/page.htm 0.000181560264

2  广东省风险投资促进会年度主题论坛在我校举行  http://news.scut.edu.cn//2014/0504/c41a30768/page.htm 0.000100866813

3  现代工业生物技术及产业发展论坛举行  http://news.scut.edu.cn//2014/0504/c41a30308/page.htm 0.000069830871

4  法学专家华工论道共商地方法制发展  http://news.scut.edu.cn//2014/0504/c41a27745/page.htm 0.000056737582

5  我校与海南省科技厅签订科技合作协议  http://news.scut.edu.cn//2014/0504/c41a30742/page.htm 0.000031303494

6  金融危机下的职场机遇第三届羊城人力资源高峰论坛在我校举行  http://news.scut.edu.cn//2014/0504/c41a29922/page.htm 0.000031303494

7  法治思维与法治意识第十期法治广东论坛华园举办  http://news.scut.edu.cn//2014/0504/c41a26995/page.htm 0.000022141496

8  我校成功取得年中国食品研究生论坛承办权  http://news.scut.edu.cn//2014/0504/c41a30155/page.htm 0.000019878861

9  携手华工点亮未来华南理工海外优青项目专场云论坛圆满举行  http://news.scut.edu.cn//2021/0329/c41a43646/page.htm 0.000015883469

10  华工学子参加第八届中国食品研究生论坛  http://news.scut.edu.cn//2014/0504/c41a28120/page.htm 0.000015768261

--------------------------------------
['研究院']
1  土木与交通学院与广州计量研究院共建产学研基地  http://news.scut.edu.cn//2014/0504/c41a28778/page.htm 0.000046617311

2  校领导节前调研华南协同创新研究院  http://news.scut.edu.cn//2020/0126/c41a41694/page.htm 0.000038203455

3  整合优势资源华南协同创新研究院在莞召开理事会会议  http://news.scut.edu.cn//2015/1008/c41a31428/page.htm 0.000037523585

4  天津大学滨海研究院来访华南协同创新研究院  http://news.scut.edu.cn//2016/0506/c41a31782/page.htm 0.000033952492

5  校领导率队调研华南协同创新研究院  http://news.scut.edu.cn//2017/1116/c41a34429/page.htm 0.000032706450

6  新加坡前副总理到访中新国际联合研究院  http://news.scut.edu.cn//2017/0328/c41a33758/page.htm 0.000032362431

7  新加坡前副总理到访中新国际联合研究院  http://news.scut.edu.cn//2017/0328/c41a32286/page.htm 0.000032362431

8  华南协同创新研究院将设立广东博士后创新实践基地  http://news.scut.edu.cn//2016/0519/c41a31810/page.htm 0.000030833497

9  凝心聚力共奋斗砥砺前行再起航中新国际联合研究院总结部署年度工作  http://news.scut.edu.cn//2021/0201/c41a43460/page.htm 0.000029474171

10  华南协同创新研究院召开全院安全发展工作会议  http://news.scut.edu.cn//2017/0221/c41a32230/page.htm 0.000029191671

--------------------------------------
['综合评价']
1  央视等媒体继续关注华南理工大学综合评价招生与国际化人才培养  http://news.scut.edu.cn//2021/0525/c41a43987/page.htm 0.000000000000

2  铭诚书院亮相华南理工大学年综合评价招生媒体见面会举行  http://news.scut.edu.cn//2021/0409/c41a43719/page.htm 0.000000000000

3  立德树人推进本科教育质量革命本科教学工作会议召开  http://news.scut.edu.cn//2021/0420/c41a43779/page.htm 0.000000000000

4  与梦想一起飞附属实验学校举行元旦文艺汇演  http://news.scut.edu.cn//2015/0104/c41a31167/page.htm 0.000000000000

5  华南理工大学智库再获丰收  http://news.scut.edu.cn//2018/1227/c41a39212/page.htm 0.000000000000

6  华南理工师生深入学习习近平总书记在清华大学考察时的重要讲话精神  http://news.scut.edu.cn//2021/0420/c41a43780/page.htm 0.000000000000

7  牵手中铁二局搭建校企合作平台  http://news.scut.edu.cn//2014/0504/c41a27409/page.htm 0.000000000000

8  华南理工位居高校团学创业促进工作榜单前四强  http://news.scut.edu.cn//2017/0411/c41a33786/page.htm 0.000000000000

9  严保舌尖上的安全华南理工举行饭堂物资招标会  http://news.scut.edu.cn//2014/0504/c41a26952/page.htm 0.000000000000

10  逐梦华园悦见未来拥抱世界章熙春书记走进广雅中学开展招生宣讲  http://news.scut.edu.cn//2021/0501/c41a43850/page.htm 0.000000000000

--------------------------------------
